DEBUG : 2022-11-25 18:30:33,221 => Starting new HTTPS connection (1): www.drugs.com:443
DEBUG : 2022-11-25 18:30:34,700 => https://www.drugs.com:443 "GET /mtm/armour-thyroid.html%0A HTTP/1.1" 301 253
DEBUG : 2022-11-25 18:30:34,731 => https://www.drugs.com:443 "GET /mtm/armour-thyroid.html HTTP/1.1" 200 21214
INFO : 2022-11-25 18:30:34,801 => sending query: INSERT INTO drugs (id, drug_name, generic_name) VALUES (1, "Armour Thyroid", "thyroid desiccated");
INFO : 2022-11-25 18:30:34,807 => sending query: INSERT INTO medical_conditions (id, medical_condition_name, description) VALUES (1, "Hashimoto's disease", "");
INFO : 2022-11-25 18:30:34,812 => sending query: INSERT INTO medical_conditions (id, medical_condition_name, description) VALUES (2, "Underactive Thyroid", "");
INFO : 2022-11-25 18:30:34,817 => sending query: INSERT INTO medical_conditions (id, medical_condition_name, description) VALUES (3, "TSH Suppression", "");
INFO : 2022-11-25 18:30:34,821 => sending query: INSERT INTO medical_conditions (id, medical_condition_name, description) VALUES (4, "Hypothyroidism, After Thyroid Removal", "");
INFO : 2022-11-25 18:30:34,826 => sending query: INSERT INTO medical_conditions (id, medical_condition_name, description) VALUES (5, "Thyroid Cancer", "");
INFO : 2022-11-25 18:30:34,833 => sending query: INSERT INTO drug_medical_conditions (id, drug_id, medical_condition_id) VALUES (1, 1, 1);
INFO : 2022-11-25 18:30:34,839 => sending query: INSERT INTO drug_medical_conditions (id, drug_id, medical_condition_id) VALUES (2, 1, 2);
INFO : 2022-11-25 18:30:34,850 => sending query: INSERT INTO drug_medical_conditions (id, drug_id, medical_condition_id) VALUES (3, 1, 3);
INFO : 2022-11-25 18:30:34,858 => sending query: INSERT INTO drug_medical_conditions (id, drug_id, medical_condition_id) VALUES (4, 1, 4);
INFO : 2022-11-25 18:30:34,864 => sending query: INSERT INTO drug_medical_conditions (id, drug_id, medical_condition_id) VALUES (5, 1, 5);
DEBUG : 2022-11-25 18:30:34,867 => Starting new HTTPS connection (1): www.drugs.com:443
DEBUG : 2022-11-25 18:30:35,315 => https://www.drugs.com:443 "GET /mtm/aspirin-and-pseudoephedrine.html%0A HTTP/1.1" 301 266
DEBUG : 2022-11-25 18:30:36,236 => https://www.drugs.com:443 "GET /mtm/aspirin-and-pseudoephedrine.html HTTP/1.1" 200 19038
INFO : 2022-11-25 18:30:36,361 => sending query: INSERT INTO drugs (id, drug_name, generic_name) VALUES (2, "aspirin and pseudoephedrine", "aspirin and pseudoephedrine");
DEBUG : 2022-11-25 18:30:36,367 => Starting new HTTPS connection (1): www.drugs.com:443
DEBUG : 2022-11-25 18:30:36,733 => https://www.drugs.com:443 "GET /mtm/aspirin-butalbital-caffeine.html%0A HTTP/1.1" 301 266
DEBUG : 2022-11-25 18:30:37,674 => https://www.drugs.com:443 "GET /mtm/aspirin-butalbital-caffeine.html HTTP/1.1" 200 21010
INFO : 2022-11-25 18:30:37,927 => sending query: INSERT INTO drugs (id, drug_name, generic_name) VALUES (3, "aspirin/butalbital/caffeine", "aspirin, butalbital, and caffeine");
INFO : 2022-11-25 18:30:37,935 => sending query: INSERT INTO medical_conditions (id, medical_condition_name, description) VALUES (6, "Headache", "");
INFO : 2022-11-25 18:30:37,941 => sending query: INSERT INTO medical_conditions (id, medical_condition_name, description) VALUES (7, "Migraine", "");
INFO : 2022-11-25 18:30:37,948 => sending query: INSERT INTO medical_conditions (id, medical_condition_name, description) VALUES (8, "Pain", "");
INFO : 2022-11-25 18:30:37,958 => sending query: INSERT INTO drug_medical_conditions (id, drug_id, medical_condition_id) VALUES (6, 3, 6);
INFO : 2022-11-25 18:30:37,967 => sending query: INSERT INTO drug_medical_conditions (id, drug_id, medical_condition_id) VALUES (7, 3, 7);
INFO : 2022-11-25 18:30:37,977 => sending query: INSERT INTO drug_medical_conditions (id, drug_id, medical_condition_id) VALUES (8, 3, 8);
